<?xml version="1.0" encoding="UTF-8"?>
<testsuite name="jpabook.jpashop.MemberRepositoryTest" tests="1" skipped="0" failures="0" errors="0" timestamp="2022-06-03T14:17:52" hostname="choiui-MacBookPro.local" time="0.144">
  <properties/>
  <testcase name="testmember()" classname="jpabook.jpashop.MemberRepositoryTest" time="0.144"/>
  <system-out><![CDATA[23:17:50.902 [Test worker] DEBUG org.springframework.test.context.BootstrapUtils - Instantiating CacheAwareContextLoaderDelegate from class [org.springframework.test.context.cache.DefaultCacheAwareContextLoaderDelegate]
23:17:50.906 [Test worker] DEBUG org.springframework.test.context.BootstrapUtils - Instantiating BootstrapContext using constructor [public org.springframework.test.context.support.DefaultBootstrapContext(java.lang.Class,org.springframework.test.context.CacheAwareContextLoaderDelegate)]
23:17:50.919 [Test worker] DEBUG org.springframework.test.context.BootstrapUtils - Instantiating TestContextBootstrapper for test class [jpabook.jpashop.MemberRepositoryTest] from class [org.springframework.boot.test.context.SpringBootTestContextBootstrapper]
23:17:50.924 [Test worker] INFO org.springframework.boot.test.context.SpringBootTestContextBootstrapper - Neither @ContextConfiguration nor @ContextHierarchy found for test class [jpabook.jpashop.MemberRepositoryTest], using SpringBootContextLoader
23:17:50.925 [Test worker] DEBUG org.springframework.test.context.support.AbstractContextLoader - Did not detect default resource location for test class [jpabook.jpashop.MemberRepositoryTest]: class path resource [jpabook/jpashop/MemberRepositoryTest-context.xml] does not exist
23:17:50.925 [Test worker] DEBUG org.springframework.test.context.support.AbstractContextLoader - Did not detect default resource location for test class [jpabook.jpashop.MemberRepositoryTest]: class path resource [jpabook/jpashop/MemberRepositoryTestContext.groovy] does not exist
23:17:50.926 [Test worker] INFO org.springframework.test.context.support.AbstractContextLoader - Could not detect default resource locations for test class [jpabook.jpashop.MemberRepositoryTest]: no resource found for suffixes {-context.xml, Context.groovy}.
23:17:50.926 [Test worker] INFO org.springframework.test.context.support.AnnotationConfigContextLoaderUtils - Could not detect default configuration classes for test class [jpabook.jpashop.MemberRepositoryTest]: MemberRepositoryTest does not declare any static, non-private, non-final, nested classes annotated with @Configuration.
23:17:50.942 [Test worker] DEBUG org.springframework.test.context.support.ActiveProfilesUtils - Could not find an 'annotation declaring class' for annotation type [org.springframework.test.context.ActiveProfiles] and class [jpabook.jpashop.MemberRepositoryTest]
23:17:50.965 [Test worker] DEBUG org.springframework.context.annotation.ClassPathScanningCandidateComponentProvider - Identified candidate component class: file [/Users/choi/Desktop/Study/jpaStudy/build/classes/java/main/jpabook/jpashop/JpashopApplication.class]
23:17:50.967 [Test worker] INFO org.springframework.boot.test.context.SpringBootTestContextBootstrapper - Found @SpringBootConfiguration jpabook.jpashop.JpashopApplication for test class jpabook.jpashop.MemberRepositoryTest
23:17:50.999 [Test worker] DEBUG org.springframework.boot.test.context.SpringBootTestContextBootstrapper - @TestExecutionListeners is not present for class [jpabook.jpashop.MemberRepositoryTest]: using defaults.
23:17:50.999 [Test worker] INFO org.springframework.boot.test.context.SpringBootTestContextBootstrapper - Loaded default TestExecutionListener class names from location [META-INF/spring.factories]: [org.springframework.boot.test.autoconfigure.restdocs.RestDocsTestExecutionListener, org.springframework.boot.test.autoconfigure.web.client.MockRestServiceServerResetTestExecutionListener, org.springframework.boot.test.autoconfigure.web.servlet.MockMvcPrintOnlyOnFailureTestExecutionListener, org.springframework.boot.test.autoconfigure.web.servlet.WebDriverTestExecutionListener, org.springframework.boot.test.autoconfigure.webservices.client.MockWebServiceServerTestExecutionListener, org.springframework.boot.test.mock.mockito.MockitoTestExecutionListener, org.springframework.boot.test.mock.mockito.ResetMocksTestExecutionListener, org.springframework.test.context.web.ServletTestExecutionListener, org.springframework.test.context.support.DirtiesContextBeforeModesTestExecutionListener, org.springframework.test.context.event.ApplicationEventsTestExecutionListener, org.springframework.test.context.support.DependencyInjectionTestExecutionListener, org.springframework.test.context.support.DirtiesContextTestExecutionListener, org.springframework.test.context.transaction.TransactionalTestExecutionListener, org.springframework.test.context.jdbc.SqlScriptsTestExecutionListener, org.springframework.test.context.event.EventPublishingTestExecutionListener]
23:17:51.006 [Test worker] INFO org.springframework.boot.test.context.SpringBootTestContextBootstrapper - Using TestExecutionListeners: [org.springframework.test.context.web.ServletTestExecutionListener@557a1e2d, org.springframework.test.context.support.DirtiesContextBeforeModesTestExecutionListener@26a4842b, org.springframework.test.context.event.ApplicationEventsTestExecutionListener@7e38a7fe, org.springframework.boot.test.mock.mockito.MockitoTestExecutionListener@366ef90e, org.springframework.boot.test.autoconfigure.SpringBootDependencyInjectionTestExecutionListener@33e01298, org.springframework.test.context.support.DirtiesContextTestExecutionListener@31e75d13, org.springframework.test.context.transaction.TransactionalTestExecutionListener@a5b0b86, org.springframework.test.context.jdbc.SqlScriptsTestExecutionListener@4b3c354a, org.springframework.test.context.event.EventPublishingTestExecutionListener@78fb9a67, org.springframework.boot.test.autoconfigure.restdocs.RestDocsTestExecutionListener@73ff4fae, org.springframework.boot.test.autoconfigure.web.client.MockRestServiceServerResetTestExecutionListener@21aa6d6c, org.springframework.boot.test.autoconfigure.web.servlet.MockMvcPrintOnlyOnFailureTestExecutionListener@b968a76, org.springframework.boot.test.autoconfigure.web.servlet.WebDriverTestExecutionListener@2f9a01c1, org.springframework.boot.test.autoconfigure.webservices.client.MockWebServiceServerTestExecutionListener@2611b9a3, org.springframework.boot.test.mock.mockito.ResetMocksTestExecutionListener@54227100]
23:17:51.008 [Test worker] DEBUG org.springframework.test.context.support.AbstractDirtiesContextTestExecutionListener - Before test class: context [DefaultTestContext@2692b61e testClass = MemberRepositoryTest, testInstance = [null], testMethod = [null], testException = [null], mergedContextConfiguration = [WebMergedContextConfiguration@7b64240d testClass = MemberRepositoryTest, locations = '{}', classes = '{class jpabook.jpashop.JpashopApplication}', contextInitializerClasses = '[]', activeProfiles = '{}', propertySourceLocations = '{}', propertySourceProperties = '{org.springframework.boot.test.context.SpringBootTestContextBootstrapper=true}', contextCustomizers = set[org.springframework.boot.test.autoconfigure.actuate.metrics.MetricsExportContextCustomizerFactory$DisableMetricExportContextCustomizer@60df60da, org.springframework.boot.test.autoconfigure.properties.PropertyMappingContextCustomizer@0, org.springframework.boot.test.autoconfigure.web.servlet.WebDriverContextCustomizerFactory$Customizer@3899782c, org.springframework.boot.test.context.filter.ExcludeFilterContextCustomizer@30e868be, org.springframework.boot.test.json.DuplicateJsonObjectContextCustomizerFactory$DuplicateJsonObjectContextCustomizer@13ad5cd3, org.springframework.boot.test.mock.mockito.MockitoContextCustomizer@0, org.springframework.boot.test.web.client.TestRestTemplateContextCustomizer@76f4b65, org.springframework.boot.test.context.SpringBootTestArgs@1, org.springframework.boot.test.context.SpringBootTestWebEnvironment@5609159b], resourceBasePath = 'src/main/webapp', contextLoader = 'org.springframework.boot.test.context.SpringBootContextLoader', parent = [null]], attributes = map['org.springframework.test.context.web.ServletTestExecutionListener.activateListener' -> true]], class annotated with @DirtiesContext [false] with mode [null].

  .   ____          _            __ _ _
 /\\ / ___'_ __ _ _(_)_ __  __ _ \ \ \ \
( ( )\___ | '_ | '_| | '_ \/ _` | \ \ \ \
 \\/  ___)| |_)| | | | | || (_| |  ) ) ) )
  '  |____| .__|_| |_|_| |_\__, | / / / /
 =========|_|==============|___/=/_/_/_/
 :: Spring Boot ::                (v2.7.0)

2022-06-03 23:17:51.129  INFO 4398 --- [    Test worker] jpabook.jpashop.MemberRepositoryTest     : Starting MemberRepositoryTest using Java 17.0.3 on choiui-MacBookPro.local with PID 4398 (started by choi in /Users/choi/Desktop/Study/jpaStudy)
2022-06-03 23:17:51.129  INFO 4398 --- [    Test worker] jpabook.jpashop.MemberRepositoryTest     : No active profile set, falling back to 1 default profile: "default"
2022-06-03 23:17:51.375  INFO 4398 --- [    Test worker] .s.d.r.c.RepositoryConfigurationDelegate : Bootstrapping Spring Data JPA repositories in DEFAULT mode.
2022-06-03 23:17:51.382  INFO 4398 --- [    Test worker] .s.d.r.c.RepositoryConfigurationDelegate : Finished Spring Data repository scanning in 2 ms. Found 0 JPA repository interfaces.
2022-06-03 23:17:51.604  INFO 4398 --- [    Test worker] o.hibernate.jpa.internal.util.LogHelper  : HHH000204: Processing PersistenceUnitInfo [name: default]
2022-06-03 23:17:51.628  INFO 4398 --- [    Test worker] org.hibernate.Version                    : HHH000412: Hibernate ORM core version 5.6.9.Final
2022-06-03 23:17:51.711  INFO 4398 --- [    Test worker] o.hibernate.annotations.common.Version   : HCANN000001: Hibernate Commons Annotations {5.1.2.Final}
2022-06-03 23:17:51.721 DEBUG 4398 --- [    Test worker] org.hibernate.type.BasicTypeRegistry     : Adding type registration boolean -> org.hibernate.type.BooleanType@622d7e4
2022-06-03 23:17:51.721 DEBUG 4398 --- [    Test worker] org.hibernate.type.BasicTypeRegistry     : Adding type registration boolean -> org.hibernate.type.BooleanType@622d7e4
2022-06-03 23:17:51.721 DEBUG 4398 --- [    Test worker] org.hibernate.type.BasicTypeRegistry     : Adding type registration java.lang.Boolean -> org.hibernate.type.BooleanType@622d7e4
2022-06-03 23:17:51.721 DEBUG 4398 --- [    Test worker] org.hibernate.type.BasicTypeRegistry     : Adding type registration numeric_boolean -> org.hibernate.type.NumericBooleanType@55e1192
2022-06-03 23:17:51.721 DEBUG 4398 --- [    Test worker] org.hibernate.type.BasicTypeRegistry     : Adding type registration true_false -> org.hibernate.type.TrueFalseType@1310fcb0
2022-06-03 23:17:51.722 DEBUG 4398 --- [    Test worker] org.hibernate.type.BasicTypeRegistry     : Adding type registration yes_no -> org.hibernate.type.YesNoType@2199e845
2022-06-03 23:17:51.722 DEBUG 4398 --- [    Test worker] org.hibernate.type.BasicTypeRegistry     : Adding type registration byte -> org.hibernate.type.ByteType@42679fc2
2022-06-03 23:17:51.722 DEBUG 4398 --- [    Test worker] org.hibernate.type.BasicTypeRegistry     : Adding type registration byte -> org.hibernate.type.ByteType@42679fc2
2022-06-03 23:17:51.722 DEBUG 4398 --- [    Test worker] org.hibernate.type.BasicTypeRegistry     : Adding type registration java.lang.Byte -> org.hibernate.type.ByteType@42679fc2
2022-06-03 23:17:51.722 DEBUG 4398 --- [    Test worker] org.hibernate.type.BasicTypeRegistry     : Adding type registration character -> org.hibernate.type.CharacterType@40717ed
2022-06-03 23:17:51.723 DEBUG 4398 --- [    Test worker] org.hibernate.type.BasicTypeRegistry     : Adding type registration char -> org.hibernate.type.CharacterType@40717ed
2022-06-03 23:17:51.723 DEBUG 4398 --- [    Test worker] org.hibernate.type.BasicTypeRegistry     : Adding type registration java.lang.Character -> org.hibernate.type.CharacterType@40717ed
2022-06-03 23:17:51.723 DEBUG 4398 --- [    Test worker] org.hibernate.type.BasicTypeRegistry     : Adding type registration short -> org.hibernate.type.ShortType@528c8c1
2022-06-03 23:17:51.723 DEBUG 4398 --- [    Test worker] org.hibernate.type.BasicTypeRegistry     : Adding type registration short -> org.hibernate.type.ShortType@528c8c1
2022-06-03 23:17:51.723 DEBUG 4398 --- [    Test worker] org.hibernate.type.BasicTypeRegistry     : Adding type registration java.lang.Short -> org.hibernate.type.ShortType@528c8c1
2022-06-03 23:17:51.723 DEBUG 4398 --- [    Test worker] org.hibernate.type.BasicTypeRegistry     : Adding type registration integer -> org.hibernate.type.IntegerType@153cb763
2022-06-03 23:17:51.723 DEBUG 4398 --- [    Test worker] org.hibernate.type.BasicTypeRegistry     : Adding type registration int -> org.hibernate.type.IntegerType@153cb763
2022-06-03 23:17:51.723 DEBUG 4398 --- [    Test worker] org.hibernate.type.BasicTypeRegistry     : Adding type registration java.lang.Integer -> org.hibernate.type.IntegerType@153cb763
2022-06-03 23:17:51.724 DEBUG 4398 --- [    Test worker] org.hibernate.type.BasicTypeRegistry     : Adding type registration long -> org.hibernate.type.LongType@7a83ccd2
2022-06-03 23:17:51.724 DEBUG 4398 --- [    Test worker] org.hibernate.type.BasicTypeRegistry     : Adding type registration long -> org.hibernate.type.LongType@7a83ccd2
2022-06-03 23:17:51.724 DEBUG 4398 --- [    Test worker] org.hibernate.type.BasicTypeRegistry     : Adding type registration java.lang.Long -> org.hibernate.type.LongType@7a83ccd2
2022-06-03 23:17:51.724 DEBUG 4398 --- [    Test worker] org.hibernate.type.BasicTypeRegistry     : Adding type registration float -> org.hibernate.type.FloatType@256a0d95
2022-06-03 23:17:51.724 DEBUG 4398 --- [    Test worker] org.hibernate.type.BasicTypeRegistry     : Adding type registration float -> org.hibernate.type.FloatType@256a0d95
2022-06-03 23:17:51.724 DEBUG 4398 --- [    Test worker] org.hibernate.type.BasicTypeRegistry     : Adding type registration java.lang.Float -> org.hibernate.type.FloatType@256a0d95
2022-06-03 23:17:51.724 DEBUG 4398 --- [    Test worker] org.hibernate.type.BasicTypeRegistry     : Adding type registration double -> org.hibernate.type.DoubleType@43d65a81
2022-06-03 23:17:51.724 DEBUG 4398 --- [    Test worker] org.hibernate.type.BasicTypeRegistry     : Adding type registration double -> org.hibernate.type.DoubleType@43d65a81
2022-06-03 23:17:51.724 DEBUG 4398 --- [    Test worker] org.hibernate.type.BasicTypeRegistry     : Adding type registration java.lang.Double -> org.hibernate.type.DoubleType@43d65a81
2022-06-03 23:17:51.725 DEBUG 4398 --- [    Test worker] org.hibernate.type.BasicTypeRegistry     : Adding type registration big_decimal -> org.hibernate.type.BigDecimalType@51cab489
2022-06-03 23:17:51.725 DEBUG 4398 --- [    Test worker] org.hibernate.type.BasicTypeRegistry     : Adding type registration java.math.BigDecimal -> org.hibernate.type.BigDecimalType@51cab489
2022-06-03 23:17:51.725 DEBUG 4398 --- [    Test worker] org.hibernate.type.BasicTypeRegistry     : Adding type registration big_integer -> org.hibernate.type.BigIntegerType@626e0c86
2022-06-03 23:17:51.725 DEBUG 4398 --- [    Test worker] org.hibernate.type.BasicTypeRegistry     : Adding type registration java.math.BigInteger -> org.hibernate.type.BigIntegerType@626e0c86
2022-06-03 23:17:51.726 DEBUG 4398 --- [    Test worker] org.hibernate.type.BasicTypeRegistry     : Adding type registration string -> org.hibernate.type.StringType@4aebee4b
2022-06-03 23:17:51.726 DEBUG 4398 --- [    Test worker] org.hibernate.type.BasicTypeRegistry     : Adding type registration java.lang.String -> org.hibernate.type.StringType@4aebee4b
2022-06-03 23:17:51.726 DEBUG 4398 --- [    Test worker] org.hibernate.type.BasicTypeRegistry     : Adding type registration nstring -> org.hibernate.type.StringNVarcharType@7cf63b9a
2022-06-03 23:17:51.726 DEBUG 4398 --- [    Test worker] org.hibernate.type.BasicTypeRegistry     : Adding type registration ncharacter -> org.hibernate.type.CharacterNCharType@5234b61a
2022-06-03 23:17:51.726 DEBUG 4398 --- [    Test worker] org.hibernate.type.BasicTypeRegistry     : Adding type registration url -> org.hibernate.type.UrlType@ab4aa5e
2022-06-03 23:17:51.726 DEBUG 4398 --- [    Test worker] org.hibernate.type.BasicTypeRegistry     : Adding type registration java.net.URL -> org.hibernate.type.UrlType@ab4aa5e
2022-06-03 23:17:51.727 DEBUG 4398 --- [    Test worker] org.hibernate.type.BasicTypeRegistry     : Adding type registration Duration -> org.hibernate.type.DurationType@35cec305
2022-06-03 23:17:51.727 DEBUG 4398 --- [    Test worker] org.hibernate.type.BasicTypeRegistry     : Adding type registration java.time.Duration -> org.hibernate.type.DurationType@35cec305
2022-06-03 23:17:51.727 DEBUG 4398 --- [    Test worker] org.hibernate.type.BasicTypeRegistry     : Adding type registration Instant -> org.hibernate.type.InstantType@1e545821
2022-06-03 23:17:51.727 DEBUG 4398 --- [    Test worker] org.hibernate.type.BasicTypeRegistry     : Adding type registration java.time.Instant -> org.hibernate.type.InstantType@1e545821
2022-06-03 23:17:51.727 DEBUG 4398 --- [    Test worker] org.hibernate.type.BasicTypeRegistry     : Adding type registration LocalDateTime -> org.hibernate.type.LocalDateTimeType@3b78c683
2022-06-03 23:17:51.727 DEBUG 4398 --- [    Test worker] org.hibernate.type.BasicTypeRegistry     : Adding type registration java.time.LocalDateTime -> org.hibernate.type.LocalDateTimeType@3b78c683
2022-06-03 23:17:51.728 DEBUG 4398 --- [    Test worker] org.hibernate.type.BasicTypeRegistry     : Adding type registration LocalDate -> org.hibernate.type.LocalDateType@67f9cb52
2022-06-03 23:17:51.728 DEBUG 4398 --- [    Test worker] org.hibernate.type.BasicTypeRegistry     : Adding type registration java.time.LocalDate -> org.hibernate.type.LocalDateType@67f9cb52
2022-06-03 23:17:51.728 DEBUG 4398 --- [    Test worker] org.hibernate.type.BasicTypeRegistry     : Adding type registration LocalTime -> org.hibernate.type.LocalTimeType@1625789b
2022-06-03 23:17:51.728 DEBUG 4398 --- [    Test worker] org.hibernate.type.BasicTypeRegistry     : Adding type registration java.time.LocalTime -> org.hibernate.type.LocalTimeType@1625789b
2022-06-03 23:17:51.728 DEBUG 4398 --- [    Test worker] org.hibernate.type.BasicTypeRegistry     : Adding type registration OffsetDateTime -> org.hibernate.type.OffsetDateTimeType@5f6b53ed
2022-06-03 23:17:51.728 DEBUG 4398 --- [    Test worker] org.hibernate.type.BasicTypeRegistry     : Adding type registration java.time.OffsetDateTime -> org.hibernate.type.OffsetDateTimeType@5f6b53ed
2022-06-03 23:17:51.729 DEBUG 4398 --- [    Test worker] org.hibernate.type.BasicTypeRegistry     : Adding type registration OffsetTime -> org.hibernate.type.OffsetTimeType@62d40e31
2022-06-03 23:17:51.729 DEBUG 4398 --- [    Test worker] org.hibernate.type.BasicTypeRegistry     : Adding type registration java.time.OffsetTime -> org.hibernate.type.OffsetTimeType@62d40e31
2022-06-03 23:17:51.729 DEBUG 4398 --- [    Test worker] org.hibernate.type.BasicTypeRegistry     : Adding type registration ZonedDateTime -> org.hibernate.type.ZonedDateTimeType@48cb2d73
2022-06-03 23:17:51.729 DEBUG 4398 --- [    Test worker] org.hibernate.type.BasicTypeRegistry     : Adding type registration java.time.ZonedDateTime -> org.hibernate.type.ZonedDateTimeType@48cb2d73
2022-06-03 23:17:51.730 DEBUG 4398 --- [    Test worker] org.hibernate.type.BasicTypeRegistry     : Adding type registration date -> org.hibernate.type.DateType@6282b9f5
2022-06-03 23:17:51.730 DEBUG 4398 --- [    Test worker] org.hibernate.type.BasicTypeRegistry     : Adding type registration java.sql.Date -> org.hibernate.type.DateType@6282b9f5
2022-06-03 23:17:51.730 DEBUG 4398 --- [    Test worker] org.hibernate.type.BasicTypeRegistry     : Adding type registration time -> org.hibernate.type.TimeType@552fee7a
2022-06-03 23:17:51.730 DEBUG 4398 --- [    Test worker] org.hibernate.type.BasicTypeRegistry     : Adding type registration java.sql.Time -> org.hibernate.type.TimeType@552fee7a
2022-06-03 23:17:51.731 DEBUG 4398 --- [    Test worker] org.hibernate.type.BasicTypeRegistry     : Adding type registration timestamp -> org.hibernate.type.TimestampType@5bb911c1
2022-06-03 23:17:51.731 DEBUG 4398 --- [    Test worker] org.hibernate.type.BasicTypeRegistry     : Adding type registration java.sql.Timestamp -> org.hibernate.type.TimestampType@5bb911c1
2022-06-03 23:17:51.731 DEBUG 4398 --- [    Test worker] org.hibernate.type.BasicTypeRegistry     : Adding type registration java.util.Date -> org.hibernate.type.TimestampType@5bb911c1
2022-06-03 23:17:51.731 DEBUG 4398 --- [    Test worker] org.hibernate.type.BasicTypeRegistry     : Adding type registration dbtimestamp -> org.hibernate.type.DbTimestampType@57fdb8a4
2022-06-03 23:17:51.732 DEBUG 4398 --- [    Test worker] org.hibernate.type.BasicTypeRegistry     : Adding type registration calendar -> org.hibernate.type.CalendarType@11b5f4e2
2022-06-03 23:17:51.732 DEBUG 4398 --- [    Test worker] org.hibernate.type.BasicTypeRegistry     : Adding type registration java.util.Calendar -> org.hibernate.type.CalendarType@11b5f4e2
2022-06-03 23:17:51.732 DEBUG 4398 --- [    Test worker] org.hibernate.type.BasicTypeRegistry     : Adding type registration java.util.GregorianCalendar -> org.hibernate.type.CalendarType@11b5f4e2
2022-06-03 23:17:51.732 DEBUG 4398 --- [    Test worker] org.hibernate.type.BasicTypeRegistry     : Adding type registration calendar_date -> org.hibernate.type.CalendarDateType@3830f918
2022-06-03 23:17:51.732 DEBUG 4398 --- [    Test worker] org.hibernate.type.BasicTypeRegistry     : Adding type registration calendar_time -> org.hibernate.type.CalendarTimeType@38883a31
2022-06-03 23:17:51.732 DEBUG 4398 --- [    Test worker] org.hibernate.type.BasicTypeRegistry     : Adding type registration locale -> org.hibernate.type.LocaleType@5e1a5f
2022-06-03 23:17:51.732 DEBUG 4398 --- [    Test worker] org.hibernate.type.BasicTypeRegistry     : Adding type registration java.util.Locale -> org.hibernate.type.LocaleType@5e1a5f
2022-06-03 23:17:51.733 DEBUG 4398 --- [    Test worker] org.hibernate.type.BasicTypeRegistry     : Adding type registration currency -> org.hibernate.type.CurrencyType@9fe720a
2022-06-03 23:17:51.733 DEBUG 4398 --- [    Test worker] org.hibernate.type.BasicTypeRegistry     : Adding type registration java.util.Currency -> org.hibernate.type.CurrencyType@9fe720a
2022-06-03 23:17:51.733 DEBUG 4398 --- [    Test worker] org.hibernate.type.BasicTypeRegistry     : Adding type registration timezone -> org.hibernate.type.TimeZoneType@11f23203
2022-06-03 23:17:51.733 DEBUG 4398 --- [    Test worker] org.hibernate.type.BasicTypeRegistry     : Adding type registration java.util.TimeZone -> org.hibernate.type.TimeZoneType@11f23203
2022-06-03 23:17:51.733 DEBUG 4398 --- [    Test worker] org.hibernate.type.BasicTypeRegistry     : Adding type registration class -> org.hibernate.type.ClassType@4052b19f
2022-06-03 23:17:51.733 DEBUG 4398 --- [    Test worker] org.hibernate.type.BasicTypeRegistry     : Adding type registration java.lang.Class -> org.hibernate.type.ClassType@4052b19f
2022-06-03 23:17:51.733 DEBUG 4398 --- [    Test worker] org.hibernate.type.BasicTypeRegistry     : Adding type registration uuid-binary -> org.hibernate.type.UUIDBinaryType@7d9c45ee
2022-06-03 23:17:51.733 DEBUG 4398 --- [    Test worker] org.hibernate.type.BasicTypeRegistry     : Adding type registration java.util.UUID -> org.hibernate.type.UUIDBinaryType@7d9c45ee
2022-06-03 23:17:51.733 DEBUG 4398 --- [    Test worker] org.hibernate.type.BasicTypeRegistry     : Adding type registration uuid-char -> org.hibernate.type.UUIDCharType@5d124d29
2022-06-03 23:17:51.734 DEBUG 4398 --- [    Test worker] org.hibernate.type.BasicTypeRegistry     : Adding type registration binary -> org.hibernate.type.BinaryType@5bc63e20
2022-06-03 23:17:51.734 DEBUG 4398 --- [    Test worker] org.hibernate.type.BasicTypeRegistry     : Adding type registration byte[] -> org.hibernate.type.BinaryType@5bc63e20
2022-06-03 23:17:51.734 DEBUG 4398 --- [    Test worker] org.hibernate.type.BasicTypeRegistry     : Adding type registration [B -> org.hibernate.type.BinaryType@5bc63e20
2022-06-03 23:17:51.734 DEBUG 4398 --- [    Test worker] org.hibernate.type.BasicTypeRegistry     : Adding type registration wrapper-binary -> org.hibernate.type.WrapperBinaryType@14fc9bd
2022-06-03 23:17:51.734 DEBUG 4398 --- [    Test worker] org.hibernate.type.BasicTypeRegistry     : Adding type registration Byte[] -> org.hibernate.type.WrapperBinaryType@14fc9bd
2022-06-03 23:17:51.734 DEBUG 4398 --- [    Test worker] org.hibernate.type.BasicTypeRegistry     : Adding type registration [Ljava.lang.Byte; -> org.hibernate.type.WrapperBinaryType@14fc9bd
2022-06-03 23:17:51.734 DEBUG 4398 --- [    Test worker] org.hibernate.type.BasicTypeRegistry     : Adding type registration row_version -> org.hibernate.type.RowVersionType@6aa5974e
2022-06-03 23:17:51.735 DEBUG 4398 --- [    Test worker] org.hibernate.type.BasicTypeRegistry     : Adding type registration image -> org.hibernate.type.ImageType@21390938
2022-06-03 23:17:51.735 DEBUG 4398 --- [    Test worker] org.hibernate.type.BasicTypeRegistry     : Adding type registration characters -> org.hibernate.type.CharArrayType@72fbf94d
2022-06-03 23:17:51.735 DEBUG 4398 --- [    Test worker] org.hibernate.type.BasicTypeRegistry     : Adding type registration char[] -> org.hibernate.type.CharArrayType@72fbf94d
2022-06-03 23:17:51.735 DEBUG 4398 --- [    Test worker] org.hibernate.type.BasicTypeRegistry     : Adding type registration [C -> org.hibernate.type.CharArrayType@72fbf94d
2022-06-03 23:17:51.735 DEBUG 4398 --- [    Test worker] org.hibernate.type.BasicTypeRegistry     : Adding type registration wrapper-characters -> org.hibernate.type.CharacterArrayType@7f2c57fe
2022-06-03 23:17:51.735 DEBUG 4398 --- [    Test worker] org.hibernate.type.BasicTypeRegistry     : Adding type registration [Ljava.lang.Character; -> org.hibernate.type.CharacterArrayType@7f2c57fe
2022-06-03 23:17:51.735 DEBUG 4398 --- [    Test worker] org.hibernate.type.BasicTypeRegistry     : Adding type registration Character[] -> org.hibernate.type.CharacterArrayType@7f2c57fe
2022-06-03 23:17:51.735 DEBUG 4398 --- [    Test worker] org.hibernate.type.BasicTypeRegistry     : Adding type registration text -> org.hibernate.type.TextType@6403a4a5
2022-06-03 23:17:51.735 DEBUG 4398 --- [    Test worker] org.hibernate.type.BasicTypeRegistry     : Adding type registration ntext -> org.hibernate.type.NTextType@26d5a317
2022-06-03 23:17:51.736 DEBUG 4398 --- [    Test worker] org.hibernate.type.BasicTypeRegistry     : Adding type registration blob -> org.hibernate.type.BlobType@268c030f
2022-06-03 23:17:51.736 DEBUG 4398 --- [    Test worker] org.hibernate.type.BasicTypeRegistry     : Adding type registration java.sql.Blob -> org.hibernate.type.BlobType@268c030f
2022-06-03 23:17:51.736 DEBUG 4398 --- [    Test worker] org.hibernate.type.BasicTypeRegistry     : Adding type registration materialized_blob -> org.hibernate.type.MaterializedBlobType@5df6163a
2022-06-03 23:17:51.736 DEBUG 4398 --- [    Test worker] org.hibernate.type.BasicTypeRegistry     : Adding type registration clob -> org.hibernate.type.ClobType@3f857e08
2022-06-03 23:17:51.736 DEBUG 4398 --- [    Test worker] org.hibernate.type.BasicTypeRegistry     : Adding type registration java.sql.Clob -> org.hibernate.type.ClobType@3f857e08
2022-06-03 23:17:51.737 DEBUG 4398 --- [    Test worker] org.hibernate.type.BasicTypeRegistry     : Adding type registration nclob -> org.hibernate.type.NClobType@47a4eee2
2022-06-03 23:17:51.737 DEBUG 4398 --- [    Test worker] org.hibernate.type.BasicTypeRegistry     : Adding type registration java.sql.NClob -> org.hibernate.type.NClobType@47a4eee2
2022-06-03 23:17:51.737 DEBUG 4398 --- [    Test worker] org.hibernate.type.BasicTypeRegistry     : Adding type registration materialized_clob -> org.hibernate.type.MaterializedClobType@50211483
2022-06-03 23:17:51.737 DEBUG 4398 --- [    Test worker] org.hibernate.type.BasicTypeRegistry     : Adding type registration materialized_nclob -> org.hibernate.type.MaterializedNClobType@6de004f1
2022-06-03 23:17:51.738 DEBUG 4398 --- [    Test worker] org.hibernate.type.BasicTypeRegistry     : Adding type registration serializable -> org.hibernate.type.SerializableType@517704
2022-06-03 23:17:51.739 DEBUG 4398 --- [    Test worker] org.hibernate.type.BasicTypeRegistry     : Adding type registration object -> org.hibernate.type.ObjectType@19f02280
2022-06-03 23:17:51.739 DEBUG 4398 --- [    Test worker] org.hibernate.type.BasicTypeRegistry     : Adding type registration java.lang.Object -> org.hibernate.type.ObjectType@19f02280
2022-06-03 23:17:51.739 DEBUG 4398 --- [    Test worker] org.hibernate.type.BasicTypeRegistry     : Adding type registration imm_date -> org.hibernate.type.AdaptedImmutableType@14b528b6
2022-06-03 23:17:51.739 DEBUG 4398 --- [    Test worker] org.hibernate.type.BasicTypeRegistry     : Adding type registration imm_time -> org.hibernate.type.AdaptedImmutableType@c412556
2022-06-03 23:17:51.739 DEBUG 4398 --- [    Test worker] org.hibernate.type.BasicTypeRegistry     : Adding type registration imm_timestamp -> org.hibernate.type.AdaptedImmutableType@6f930e0
2022-06-03 23:17:51.739 DEBUG 4398 --- [    Test worker] org.hibernate.type.BasicTypeRegistry     : Adding type registration imm_dbtimestamp -> org.hibernate.type.AdaptedImmutableType@450f0235
2022-06-03 23:17:51.739 DEBUG 4398 --- [    Test worker] org.hibernate.type.BasicTypeRegistry     : Adding type registration imm_calendar -> org.hibernate.type.AdaptedImmutableType@78c262ba
2022-06-03 23:17:51.739 DEBUG 4398 --- [    Test worker] org.hibernate.type.BasicTypeRegistry     : Adding type registration imm_calendar_date -> org.hibernate.type.AdaptedImmutableType@7d2c9361
2022-06-03 23:17:51.739 DEBUG 4398 --- [    Test worker] org.hibernate.type.BasicTypeRegistry     : Adding type registration imm_binary -> org.hibernate.type.AdaptedImmutableType@329dc214
2022-06-03 23:17:51.739 DEBUG 4398 --- [    Test worker] org.hibernate.type.BasicTypeRegistry     : Adding type registration imm_serializable -> org.hibernate.type.AdaptedImmutableType@fbe70d8
2022-06-03 23:17:51.757  INFO 4398 --- [    Test worker] com.zaxxer.hikari.HikariDataSource       : HikariPool-1 - Starting...
2022-06-03 23:17:51.798  INFO 4398 --- [    Test worker] com.zaxxer.hikari.HikariDataSource       : HikariPool-1 - Start completed.
2022-06-03 23:17:51.808  INFO 4398 --- [    Test worker] org.hibernate.dialect.Dialect            : HHH000400: Using dialect: org.hibernate.dialect.PostgreSQLDialect
2022-06-03 23:17:51.820 DEBUG 4398 --- [    Test worker] org.hibernate.type.BasicTypeRegistry     : Adding type registration pg-uuid -> org.hibernate.type.PostgresUUIDType@2f04993d
2022-06-03 23:17:51.820 DEBUG 4398 --- [    Test worker] org.hibernate.type.BasicTypeRegistry     : Adding type registration java.util.UUID -> org.hibernate.type.PostgresUUIDType@2f04993d
2022-06-03 23:17:51.820 DEBUG 4398 --- [    Test worker] org.hibernate.type.BasicTypeRegistry     : HHH000270: Type registration [java.util.UUID] overrides previous : org.hibernate.type.UUIDBinaryType@7d9c45ee
2022-06-03 23:17:51.821 DEBUG 4398 --- [    Test worker] o.h.type.spi.TypeConfiguration$Scope     : Scoping TypeConfiguration [org.hibernate.type.spi.TypeConfiguration@5d14e99e] to MetadataBuildingContext [org.hibernate.boot.internal.MetadataBuildingContextRootImpl@38cfecf3]
2022-06-03 23:17:51.898 DEBUG 4398 --- [    Test worker] o.h.type.spi.TypeConfiguration$Scope     : Scoping TypeConfiguration [org.hibernate.type.spi.TypeConfiguration@5d14e99e] to SessionFactoryImpl [org.hibernate.internal.SessionFactoryImpl@4ced17f3]
2022-06-03 23:17:52.013 DEBUG 4398 --- [    Test worker] org.hibernate.SQL                        : 
    
    drop table if exists member cascade
2022-06-03 23:17:52.021 DEBUG 4398 --- [    Test worker] org.hibernate.SQL                        : 
    
    drop sequence if exists hibernate_sequence
2022-06-03 23:17:52.024 DEBUG 4398 --- [    Test worker] org.hibernate.SQL                        : create sequence hibernate_sequence start 1 increment 1
2022-06-03 23:17:52.025 DEBUG 4398 --- [    Test worker] org.hibernate.SQL                        : 
    
    create table member (
       id int8 not null,
        username varchar(255),
        primary key (id)
    )
2022-06-03 23:17:52.028  INFO 4398 --- [    Test worker] o.h.e.t.j.p.i.JtaPlatformInitiator       : HHH000490: Using JtaPlatform implementation: [org.hibernate.engine.transaction.jta.platform.internal.NoJtaPlatform]
2022-06-03 23:17:52.031 TRACE 4398 --- [    Test worker] o.h.type.spi.TypeConfiguration$Scope     : Handling #sessionFactoryCreated from [org.hibernate.internal.SessionFactoryImpl@4ced17f3] for TypeConfiguration
2022-06-03 23:17:52.031  INFO 4398 --- [    Test worker] j.LocalContainerEntityManagerFactoryBean : Initialized JPA EntityManagerFactory for persistence unit 'default'
2022-06-03 23:17:52.131  WARN 4398 --- [    Test worker] JpaBaseConfiguration$JpaWebConfiguration : spring.jpa.open-in-view is enabled by default. Therefore, database queries may be performed during view rendering. Explicitly configure spring.jpa.open-in-view to disable this warning
2022-06-03 23:17:52.367  INFO 4398 --- [    Test worker] jpabook.jpashop.MemberRepositoryTest     : Started MemberRepositoryTest in 1.344 seconds (JVM running for 1.816)
2022-06-03 23:17:52.400  INFO 4398 --- [    Test worker] o.s.t.c.transaction.TransactionContext   : Began transaction (1) for test context [DefaultTestContext@2692b61e testClass = MemberRepositoryTest, testInstance = jpabook.jpashop.MemberRepositoryTest@23d12a3a, testMethod = testmember@MemberRepositoryTest, testException = [null], mergedContextConfiguration = [WebMergedContextConfiguration@7b64240d testClass = MemberRepositoryTest, locations = '{}', classes = '{class jpabook.jpashop.JpashopApplication}', contextInitializerClasses = '[]', activeProfiles = '{}', propertySourceLocations = '{}', propertySourceProperties = '{org.springframework.boot.test.context.SpringBootTestContextBootstrapper=true}', contextCustomizers = set[org.springframework.boot.test.autoconfigure.actuate.metrics.MetricsExportContextCustomizerFactory$DisableMetricExportContextCustomizer@60df60da, org.springframework.boot.test.autoconfigure.properties.PropertyMappingContextCustomizer@0, org.springframework.boot.test.autoconfigure.web.servlet.WebDriverContextCustomizerFactory$Customizer@3899782c, org.springframework.boot.test.context.filter.ExcludeFilterContextCustomizer@30e868be, org.springframework.boot.test.json.DuplicateJsonObjectContextCustomizerFactory$DuplicateJsonObjectContextCustomizer@13ad5cd3, org.springframework.boot.test.mock.mockito.MockitoContextCustomizer@0, org.springframework.boot.test.web.client.TestRestTemplateContextCustomizer@76f4b65, org.springframework.boot.test.context.SpringBootTestArgs@1, org.springframework.boot.test.context.SpringBootTestWebEnvironment@5609159b], resourceBasePath = 'src/main/webapp', contextLoader = 'org.springframework.boot.test.context.SpringBootContextLoader', parent = [null]], attributes = map['org.springframework.test.context.web.ServletTestExecutionListener.activateListener' -> true, 'org.springframework.test.context.web.ServletTestExecutionListener.populatedRequestContextHolder' -> true, 'org.springframework.test.context.web.ServletTestExecutionListener.resetRequestContextHolder' -> true, 'org.springframework.test.context.event.ApplicationEventsTestExecutionListener.recordApplicationEvents' -> false]]; transaction manager [org.springframework.orm.jpa.JpaTransactionManager@5acd7d1c]; rollback [false]
2022-06-03 23:17:52.473 DEBUG 4398 --- [    Test worker] org.hibernate.SQL                        : 
    select
        nextval ('hibernate_sequence')
2022-06-03 23:17:52.513 DEBUG 4398 --- [    Test worker] org.hibernate.SQL                        : 
    insert 
    into
        member
        (username, id) 
    values
        (?, ?)
2022-06-03 23:17:52.514 TRACE 4398 --- [    Test worker] o.h.type.descriptor.sql.BasicBinder      : binding parameter [1] as [VARCHAR] - [memberrA]
2022-06-03 23:17:52.514 TRACE 4398 --- [    Test worker] o.h.type.descriptor.sql.BasicBinder      : binding parameter [2] as [BIGINT] - [1]
2022-06-03 23:17:52.517  INFO 4398 --- [    Test worker] o.s.t.c.transaction.TransactionContext   : Committed transaction for test: [DefaultTestContext@2692b61e testClass = MemberRepositoryTest, testInstance = jpabook.jpashop.MemberRepositoryTest@23d12a3a, testMethod = testmember@MemberRepositoryTest, testException = [null], mergedContextConfiguration = [WebMergedContextConfiguration@7b64240d testClass = MemberRepositoryTest, locations = '{}', classes = '{class jpabook.jpashop.JpashopApplication}', contextInitializerClasses = '[]', activeProfiles = '{}', propertySourceLocations = '{}', propertySourceProperties = '{org.springframework.boot.test.context.SpringBootTestContextBootstrapper=true}', contextCustomizers = set[org.springframework.boot.test.autoconfigure.actuate.metrics.MetricsExportContextCustomizerFactory$DisableMetricExportContextCustomizer@60df60da, org.springframework.boot.test.autoconfigure.properties.PropertyMappingContextCustomizer@0, org.springframework.boot.test.autoconfigure.web.servlet.WebDriverContextCustomizerFactory$Customizer@3899782c, org.springframework.boot.test.context.filter.ExcludeFilterContextCustomizer@30e868be, org.springframework.boot.test.json.DuplicateJsonObjectContextCustomizerFactory$DuplicateJsonObjectContextCustomizer@13ad5cd3, org.springframework.boot.test.mock.mockito.MockitoContextCustomizer@0, org.springframework.boot.test.web.client.TestRestTemplateContextCustomizer@76f4b65, org.springframework.boot.test.context.SpringBootTestArgs@1, org.springframework.boot.test.context.SpringBootTestWebEnvironment@5609159b], resourceBasePath = 'src/main/webapp', contextLoader = 'org.springframework.boot.test.context.SpringBootContextLoader', parent = [null]], attributes = map['org.springframework.test.context.web.ServletTestExecutionListener.activateListener' -> true, 'org.springframework.test.context.web.ServletTestExecutionListener.populatedRequestContextHolder' -> true, 'org.springframework.test.context.web.ServletTestExecutionListener.resetRequestContextHolder' -> true, 'org.springframework.test.context.event.ApplicationEventsTestExecutionListener.recordApplicationEvents' -> false]]
]]></system-out>
  <system-err><![CDATA[]]></system-err>
</testsuite>
